<?xml version="1.0" encoding="UTF-8"?>
<!-- Generated by org.testng.reporters.JUnitXMLReporter -->
<testsuite ignored="0" hostname="LAPTOP-6T2P1D9H" failures="1" tests="2" name="Test(failed)" time="16.476" errors="0" timestamp="2025-10-29T12:56:47 IST">
  <testcase classname="testCases.TC002_LoginTest" name="verify_login" time="1.708"/>
  <testcase classname="testCases.TC001_AccountRegistrationTest2" name="verifyaccountregistration" time="6.152">
    <failure type="java.lang.AssertionError" message="null">
      <![CDATA[java.lang.AssertionError: null
at testCases.TC001_AccountRegistrationTest2.verifyaccountregistration(TC001_AccountRegistrationTest2.java:63)
at java.base/java.util.ArrayList.forEach(ArrayList.java:1597)
... Removed 27 stack frames]]>
    </failure>
  </testcase> <!-- verifyaccountregistration -->
</testsuite> <!-- Test(failed) -->
