<?xml version="1.0" encoding="UTF-8"?>
<testng-results ignored="0" total="2" passed="2" failed="0" skipped="0">
  <reporter-output>
  </reporter-output>
  <suite started-at="2025-11-13T17:34:42 IST" name="Master Suite" finished-at="2025-11-13T17:35:36 IST" duration-ms="53830">
    <groups>
      <group name="Master">
        <method signature="TC001_AccountRegistrationTest2.verifyaccountregistration()[pri:0, instance:testCases.TC001_AccountRegistrationTest2@53f6fd09]" name="verifyaccountregistration" class="testCases.TC001_AccountRegistrationTest2"/>
        <method signature="TC002_LoginTest.verify_login()[pri:0, instance:testCases.TC002_LoginTest@39a2bb97]" name="verify_login" class="testCases.TC002_LoginTest"/>
      </group> <!-- Master -->
      <group name="Sanity">
        <method signature="TC002_LoginTest.verify_login()[pri:0, instance:testCases.TC002_LoginTest@39a2bb97]" name="verify_login" class="testCases.TC002_LoginTest"/>
      </group> <!-- Sanity -->
      <group name="Regression">
        <method signature="TC001_AccountRegistrationTest2.verifyaccountregistration()[pri:0, instance:testCases.TC001_AccountRegistrationTest2@53f6fd09]" name="verifyaccountregistration" class="testCases.TC001_AccountRegistrationTest2"/>
      </group> <!-- Regression -->
    </groups>
    <test started-at="2025-11-13T17:34:42 IST" name="Test" finished-at="2025-11-13T17:35:36 IST" duration-ms="53830">
      <class name="testCases.TC002_LoginTest">
        <test-method is-config="true" signature="setup(java.lang.String,java.lang.String)[pri:0, instance:testCases.TC002_LoginTest@39a2bb97]" started-at="2025-11-13T17:35:20 IST" name="setup" finished-at="2025-11-13T17:35:30 IST" duration-ms="9250" status="PASS">
          <params>
            <param index="0">
              <value>
                <![CDATA[Windows]]>
              </value>
            </param>
            <param index="1">
              <value>
                <![CDATA[chrome]]>
              </value>
            </param>
          </params>
          <reporter-output>
          </reporter-output>
        </test-method> <!-- setup -->
        <test-method signature="verify_login()[pri:0, instance:testCases.TC002_LoginTest@39a2bb97]" started-at="2025-11-13T17:35:30 IST" name="verify_login" finished-at="2025-11-13T17:35:35 IST" duration-ms="5411" status="PASS">
          <reporter-output>
          </reporter-output>
        </test-method> <!-- verify_login -->
        <test-method is-config="true" signature="tearDown()[pri:0, instance:testCases.TC002_LoginTest@39a2bb97]" started-at="2025-11-13T17:35:35 IST" name="tearDown" finished-at="2025-11-13T17:35:36 IST" duration-ms="1243" status="PASS">
          <reporter-output>
          </reporter-output>
        </test-method> <!-- tearDown -->
      </class> <!-- testCases.TC002_LoginTest -->
      <class name="testCases.TC001_AccountRegistrationTest2">
        <test-method is-config="true" signature="setup(java.lang.String,java.lang.String)[pri:0, instance:testCases.TC001_AccountRegistrationTest2@53f6fd09]" started-at="2025-11-13T17:34:43 IST" name="setup" finished-at="2025-11-13T17:35:06 IST" duration-ms="22676" status="PASS">
          <params>
            <param index="0">
              <value>
                <![CDATA[Windows]]>
              </value>
            </param>
            <param index="1">
              <value>
                <![CDATA[chrome]]>
              </value>
            </param>
          </params>
          <reporter-output>
          </reporter-output>
        </test-method> <!-- setup -->
        <test-method signature="verifyaccountregistration()[pri:0, instance:testCases.TC001_AccountRegistrationTest2@53f6fd09]" started-at="2025-11-13T17:35:06 IST" name="verifyaccountregistration" finished-at="2025-11-13T17:35:19 IST" duration-ms="13267" status="PASS">
          <reporter-output>
          </reporter-output>
        </test-method> <!-- verifyaccountregistration -->
        <test-method is-config="true" signature="tearDown()[pri:0, instance:testCases.TC001_AccountRegistrationTest2@53f6fd09]" started-at="2025-11-13T17:35:19 IST" name="tearDown" finished-at="2025-11-13T17:35:20 IST" duration-ms="1294" status="PASS">
          <reporter-output>
          </reporter-output>
        </test-method> <!-- tearDown -->
      </class> <!-- testCases.TC001_AccountRegistrationTest2 -->
    </test> <!-- Test -->
  </suite> <!-- Master Suite -->
</testng-results>
