<?xml version="1.0" encoding="UTF-8"?>
<testng-results ignored="0" total="4" passed="4" failed="0" skipped="0">
  <reporter-output>
  </reporter-output>
  <suite started-at="2025-11-11T10:59:49 IST" name="Master Suite" finished-at="2025-11-11T11:01:11 IST" duration-ms="81078">
    <groups>
      <group name="Master">
        <method signature="TC001_AccountRegistrationTest2.verifyaccountregistration()[pri:0, instance:testCases.TC001_AccountRegistrationTest2@253d9f73]" name="verifyaccountregistration" class="testCases.TC001_AccountRegistrationTest2"/>
        <method signature="TC002_LoginTest.verify_login()[pri:0, instance:testCases.TC002_LoginTest@6aa3a905]" name="verify_login" class="testCases.TC002_LoginTest"/>
        <method signature="TC001_AccountRegistrationTest2.verifyaccountregistration()[pri:0, instance:testCases.TC001_AccountRegistrationTest2@4dd02341]" name="verifyaccountregistration" class="testCases.TC001_AccountRegistrationTest2"/>
        <method signature="TC002_LoginTest.verify_login()[pri:0, instance:testCases.TC002_LoginTest@3212a8d7]" name="verify_login" class="testCases.TC002_LoginTest"/>
      </group> <!-- Master -->
      <group name="Sanity">
        <method signature="TC002_LoginTest.verify_login()[pri:0, instance:testCases.TC002_LoginTest@6aa3a905]" name="verify_login" class="testCases.TC002_LoginTest"/>
        <method signature="TC002_LoginTest.verify_login()[pri:0, instance:testCases.TC002_LoginTest@3212a8d7]" name="verify_login" class="testCases.TC002_LoginTest"/>
      </group> <!-- Sanity -->
      <group name="Regression">
        <method signature="TC001_AccountRegistrationTest2.verifyaccountregistration()[pri:0, instance:testCases.TC001_AccountRegistrationTest2@253d9f73]" name="verifyaccountregistration" class="testCases.TC001_AccountRegistrationTest2"/>
        <method signature="TC001_AccountRegistrationTest2.verifyaccountregistration()[pri:0, instance:testCases.TC001_AccountRegistrationTest2@4dd02341]" name="verifyaccountregistration" class="testCases.TC001_AccountRegistrationTest2"/>
      </group> <!-- Regression -->
    </groups>
    <test started-at="2025-11-11T10:59:49 IST" name="Linux-Chrome" finished-at="2025-11-11T11:00:25 IST" duration-ms="35672">
      <class name="testCases.TC002_LoginTest">
        <test-method is-config="true" signature="setup(java.lang.String,java.lang.String)[pri:0, instance:testCases.TC002_LoginTest@6aa3a905]" started-at="2025-11-11T11:00:12 IST" name="setup" finished-at="2025-11-11T11:00:22 IST" duration-ms="9807" status="PASS">
          <params>
            <param index="0">
              <value>
                <![CDATA[Linux]]>
              </value>
            </param>
            <param index="1">
              <value>
                <![CDATA[chrome]]>
              </value>
            </param>
          </params>
          <reporter-output>
          </reporter-output>
        </test-method> <!-- setup -->
        <test-method signature="verify_login()[pri:0, instance:testCases.TC002_LoginTest@6aa3a905]" started-at="2025-11-11T11:00:22 IST" name="verify_login" finished-at="2025-11-11T11:00:24 IST" duration-ms="1781" status="PASS">
          <reporter-output>
          </reporter-output>
        </test-method> <!-- verify_login -->
        <test-method is-config="true" signature="tearDown()[pri:0, instance:testCases.TC002_LoginTest@6aa3a905]" started-at="2025-11-11T11:00:24 IST" name="tearDown" finished-at="2025-11-11T11:00:25 IST" duration-ms="1108" status="PASS">
          <reporter-output>
          </reporter-output>
        </test-method> <!-- tearDown -->
      </class> <!-- testCases.TC002_LoginTest -->
      <class name="testCases.TC001_AccountRegistrationTest2">
        <test-method is-config="true" signature="setup(java.lang.String,java.lang.String)[pri:0, instance:testCases.TC001_AccountRegistrationTest2@253d9f73]" started-at="2025-11-11T10:59:50 IST" name="setup" finished-at="2025-11-11T11:00:00 IST" duration-ms="10508" status="PASS">
          <params>
            <param index="0">
              <value>
                <![CDATA[Linux]]>
              </value>
            </param>
            <param index="1">
              <value>
                <![CDATA[chrome]]>
              </value>
            </param>
          </params>
          <reporter-output>
          </reporter-output>
        </test-method> <!-- setup -->
        <test-method signature="verifyaccountregistration()[pri:0, instance:testCases.TC001_AccountRegistrationTest2@253d9f73]" started-at="2025-11-11T11:00:00 IST" name="verifyaccountregistration" finished-at="2025-11-11T11:00:11 IST" duration-ms="11153" status="PASS">
          <reporter-output>
          </reporter-output>
        </test-method> <!-- verifyaccountregistration -->
        <test-method is-config="true" signature="tearDown()[pri:0, instance:testCases.TC001_AccountRegistrationTest2@253d9f73]" started-at="2025-11-11T11:00:11 IST" name="tearDown" finished-at="2025-11-11T11:00:12 IST" duration-ms="1101" status="PASS">
          <reporter-output>
          </reporter-output>
        </test-method> <!-- tearDown -->
      </class> <!-- testCases.TC001_AccountRegistrationTest2 -->
    </test> <!-- Linux-Chrome -->
    <test started-at="2025-11-11T11:00:28 IST" name="Linux-Firefox" finished-at="2025-11-11T11:01:11 IST" duration-ms="43063">
      <class name="testCases.TC002_LoginTest">
        <test-method is-config="true" signature="setup(java.lang.String,java.lang.String)[pri:0, instance:testCases.TC002_LoginTest@3212a8d7]" started-at="2025-11-11T11:00:55 IST" name="setup" finished-at="2025-11-11T11:01:07 IST" duration-ms="11693" status="PASS">
          <params>
            <param index="0">
              <value>
                <![CDATA[Linux]]>
              </value>
            </param>
            <param index="1">
              <value>
                <![CDATA[firefox]]>
              </value>
            </param>
          </params>
          <reporter-output>
          </reporter-output>
        </test-method> <!-- setup -->
        <test-method signature="verify_login()[pri:0, instance:testCases.TC002_LoginTest@3212a8d7]" started-at="2025-11-11T11:01:07 IST" name="verify_login" finished-at="2025-11-11T11:01:09 IST" duration-ms="2341" status="PASS">
          <reporter-output>
          </reporter-output>
        </test-method> <!-- verify_login -->
        <test-method is-config="true" signature="tearDown()[pri:0, instance:testCases.TC002_LoginTest@3212a8d7]" started-at="2025-11-11T11:01:09 IST" name="tearDown" finished-at="2025-11-11T11:01:11 IST" duration-ms="1561" status="PASS">
          <reporter-output>
          </reporter-output>
        </test-method> <!-- tearDown -->
      </class> <!-- testCases.TC002_LoginTest -->
      <class name="testCases.TC001_AccountRegistrationTest2">
        <test-method is-config="true" signature="setup(java.lang.String,java.lang.String)[pri:0, instance:testCases.TC001_AccountRegistrationTest2@4dd02341]" started-at="2025-11-11T11:00:28 IST" name="setup" finished-at="2025-11-11T11:00:42 IST" duration-ms="14291" status="PASS">
          <params>
            <param index="0">
              <value>
                <![CDATA[Linux]]>
              </value>
            </param>
            <param index="1">
              <value>
                <![CDATA[firefox]]>
              </value>
            </param>
          </params>
          <reporter-output>
          </reporter-output>
        </test-method> <!-- setup -->
        <test-method signature="verifyaccountregistration()[pri:0, instance:testCases.TC001_AccountRegistrationTest2@4dd02341]" started-at="2025-11-11T11:00:42 IST" name="verifyaccountregistration" finished-at="2025-11-11T11:00:53 IST" duration-ms="11354" status="PASS">
          <reporter-output>
          </reporter-output>
        </test-method> <!-- verifyaccountregistration -->
        <test-method is-config="true" signature="tearDown()[pri:0, instance:testCases.TC001_AccountRegistrationTest2@4dd02341]" started-at="2025-11-11T11:00:53 IST" name="tearDown" finished-at="2025-11-11T11:00:55 IST" duration-ms="1805" status="PASS">
          <reporter-output>
          </reporter-output>
        </test-method> <!-- tearDown -->
      </class> <!-- testCases.TC001_AccountRegistrationTest2 -->
    </test> <!-- Linux-Firefox -->
  </suite> <!-- Master Suite -->
</testng-results>
