<?xml version="1.0" encoding="UTF-8"?>
<!-- Generated by org.testng.reporters.JUnitReportReporter -->
<testsuite hostname="LAPTOP-6T2P1D9H" failures="0" tests="2" name="testCases.TC001_AccountRegistrationTest2" time="22.507" errors="0" timestamp="2025-11-11T11:01:12 IST" skipped="0">
  <testcase classname="testCases.TC001_AccountRegistrationTest2" name="verifyaccountregistration" time="11.354"/>
  <testcase classname="testCases.TC001_AccountRegistrationTest2" name="verifyaccountregistration" time="11.153"/>
</testsuite> <!-- testCases.TC001_AccountRegistrationTest2 -->
